<?xml version="1.0" encoding="UTF-8"?>
<!-- Generated by org.testng.reporters.JUnitReportReporter -->
<testsuite hostname="LAPTOP-8GM7S38Q" failures="0" tests="4" name="api.tests.UserTests" time="8.289" errors="0" timestamp="2024-01-20T12:21:07 IST" skipped="0">
  <testcase classname="api.tests.UserTests" name="testCreateUser" time="2.703"/>
  <testcase classname="api.tests.UserTests" name="testRetrieveUser" time="1.118"/>
  <testcase classname="api.tests.UserTests" name="testUpdateUser" time="2.206"/>
  <testcase classname="api.tests.UserTests" name="testDeleteUser" time="2.262"/>
</testsuite> <!-- api.tests.UserTests -->
