<?xml version="1.0" encoding="UTF-8"?>
<!-- Generated by org.testng.reporters.JUnitReportReporter -->
<testsuite hostname="LAPTOP-8GM7S38Q" failures="0" tests="4" name="api.tests.UserTests" time="8.983" errors="0" timestamp="2024-01-20T12:25:25 IST" skipped="0">
  <testcase classname="api.tests.UserTests" name="testCreateUser" time="3.198"/>
  <testcase classname="api.tests.UserTests" name="testRetrieveUser" time="1.160"/>
  <testcase classname="api.tests.UserTests" name="testUpdateUser" time="2.422"/>
  <testcase classname="api.tests.UserTests" name="testDeleteUser" time="2.203"/>
</testsuite> <!-- api.tests.UserTests -->
